<?xml version="1.0" encoding="UTF-8"?>
<testsuite xmlns:xsi="http://www.w3.org/2001/XMLSchema-instance" xsi:noNamespaceSchemaLocation="https://maven.apache.org/surefire/maven-surefire-plugin/xsd/surefire-test-report.xsd" name="GetUserOrderTest" time="6.492" tests="2" errors="0" skipped="0" failures="0">
  <properties>
    <property name="java.specification.version" value="18"/>
    <property name="sun.jnu.encoding" value="UTF-8"/>
    <property name="java.class.path" value="/Users/beknurnarmuhan/Documents/Diploma/Diploma1/DiplomaTwo/target/test-classes:/Users/beknurnarmuhan/Documents/Diploma/Diploma1/DiplomaTwo/target/classes:/Users/beknurnarmuhan/.m2/repository/junit/junit/4.13.2/junit-4.13.2.jar:/Users/beknurnarmuhan/.m2/repository/org/hamcrest/hamcrest-core/1.3/hamcrest-core-1.3.jar:/Users/beknurnarmuhan/.m2/repository/org/projectlombok/lombok/1.18.24/lombok-1.18.24.jar:/Users/beknurnarmuhan/.m2/repository/io/rest-assured/rest-assured/5.1.1/rest-assured-5.1.1.jar:/Users/beknurnarmuhan/.m2/repository/org/apache/groovy/groovy/4.0.1/groovy-4.0.1.jar:/Users/beknurnarmuhan/.m2/repository/org/apache/groovy/groovy-xml/4.0.1/groovy-xml-4.0.1.jar:/Users/beknurnarmuhan/.m2/repository/org/apache/httpcomponents/httpclient/4.5.13/httpclient-4.5.13.jar:/Users/beknurnarmuhan/.m2/repository/org/apache/httpcomponents/httpcore/4.4.13/httpcore-4.4.13.jar:/Users/beknurnarmuhan/.m2/repository/commons-logging/commons-logging/1.2/commons-logging-1.2.jar:/Users/beknurnarmuhan/.m2/repository/commons-codec/commons-codec/1.11/commons-codec-1.11.jar:/Users/beknurnarmuhan/.m2/repository/org/apache/httpcomponents/httpmime/4.5.13/httpmime-4.5.13.jar:/Users/beknurnarmuhan/.m2/repository/org/hamcrest/hamcrest/2.1/hamcrest-2.1.jar:/Users/beknurnarmuhan/.m2/repository/org/ccil/cowan/tagsoup/tagsoup/1.2.1/tagsoup-1.2.1.jar:/Users/beknurnarmuhan/.m2/repository/io/rest-assured/json-path/5.1.1/json-path-5.1.1.jar:/Users/beknurnarmuhan/.m2/repository/org/apache/groovy/groovy-json/4.0.1/groovy-json-4.0.1.jar:/Users/beknurnarmuhan/.m2/repository/io/rest-assured/rest-assured-common/5.1.1/rest-assured-common-5.1.1.jar:/Users/beknurnarmuhan/.m2/repository/io/rest-assured/xml-path/5.1.1/xml-path-5.1.1.jar:/Users/beknurnarmuhan/.m2/repository/io/qameta/allure/allure-junit4/2.18.1/allure-junit4-2.18.1.jar:/Users/beknurnarmuhan/.m2/repository/io/qameta/allure/allure-java-commons/2.18.1/allure-java-commons-2.18.1.jar:/Users/beknurnarmuhan/.m2/repository/org/slf4j/slf4j-api/1.7.30/slf4j-api-1.7.30.jar:/Users/beknurnarmuhan/.m2/repository/io/qameta/allure/allure-model/2.18.1/allure-model-2.18.1.jar:/Users/beknurnarmuhan/.m2/repository/io/qameta/allure/allure-rest-assured/2.18.1/allure-rest-assured-2.18.1.jar:/Users/beknurnarmuhan/.m2/repository/io/qameta/allure/allure-attachments/2.18.1/allure-attachments-2.18.1.jar:/Users/beknurnarmuhan/.m2/repository/org/freemarker/freemarker/2.3.31/freemarker-2.3.31.jar:/Users/beknurnarmuhan/.m2/repository/com/fasterxml/jackson/core/jackson-databind/2.13.3/jackson-databind-2.13.3.jar:/Users/beknurnarmuhan/.m2/repository/com/fasterxml/jackson/core/jackson-annotations/2.13.3/jackson-annotations-2.13.3.jar:/Users/beknurnarmuhan/.m2/repository/com/fasterxml/jackson/core/jackson-core/2.13.3/jackson-core-2.13.3.jar:/Users/beknurnarmuhan/.m2/repository/com/google/code/gson/gson/2.9.0/gson-2.9.0.jar:/Users/beknurnarmuhan/.m2/repository/com/github/javafaker/javafaker/1.0.2/javafaker-1.0.2.jar:/Users/beknurnarmuhan/.m2/repository/org/apache/commons/commons-lang3/3.5/commons-lang3-3.5.jar:/Users/beknurnarmuhan/.m2/repository/org/yaml/snakeyaml/1.23/snakeyaml-1.23-android.jar:/Users/beknurnarmuhan/.m2/repository/com/github/mifmif/generex/1.0.2/generex-1.0.2.jar:/Users/beknurnarmuhan/.m2/repository/dk/brics/automaton/automaton/1.11-8/automaton-1.11-8.jar:"/>
    <property name="java.vm.vendor" value="Homebrew"/>
    <property name="sun.arch.data.model" value="64"/>
    <property name="java.vendor.url" value="https://github.com/Homebrew/homebrew-core/issues"/>
    <property name="os.name" value="Mac OS X"/>
    <property name="java.vm.specification.version" value="18"/>
    <property name="sun.java.launcher" value="SUN_STANDARD"/>
    <property name="user.country" value="KZ"/>
    <property name="sun.boot.library.path" value="/usr/local/Cellar/openjdk/18.0.1/libexec/openjdk.jdk/Contents/Home/lib"/>
    <property name="sun.java.command" value="/Users/beknurnarmuhan/Documents/Diploma/Diploma1/DiplomaTwo/target/surefire/surefirebooter905159035870581350.jar /Users/beknurnarmuhan/Documents/Diploma/Diploma1/DiplomaTwo/target/surefire 2022-07-08T20-44-48_418-jvmRun1 surefire1923460687606255137tmp surefire_017704620356819111466tmp"/>
    <property name="http.nonProxyHosts" value="local|*.local|169.254/16|*.169.254/16"/>
    <property name="jdk.debug" value="release"/>
    <property name="surefire.test.class.path" value="/Users/beknurnarmuhan/Documents/Diploma/Diploma1/DiplomaTwo/target/test-classes:/Users/beknurnarmuhan/Documents/Diploma/Diploma1/DiplomaTwo/target/classes:/Users/beknurnarmuhan/.m2/repository/junit/junit/4.13.2/junit-4.13.2.jar:/Users/beknurnarmuhan/.m2/repository/org/hamcrest/hamcrest-core/1.3/hamcrest-core-1.3.jar:/Users/beknurnarmuhan/.m2/repository/org/projectlombok/lombok/1.18.24/lombok-1.18.24.jar:/Users/beknurnarmuhan/.m2/repository/io/rest-assured/rest-assured/5.1.1/rest-assured-5.1.1.jar:/Users/beknurnarmuhan/.m2/repository/org/apache/groovy/groovy/4.0.1/groovy-4.0.1.jar:/Users/beknurnarmuhan/.m2/repository/org/apache/groovy/groovy-xml/4.0.1/groovy-xml-4.0.1.jar:/Users/beknurnarmuhan/.m2/repository/org/apache/httpcomponents/httpclient/4.5.13/httpclient-4.5.13.jar:/Users/beknurnarmuhan/.m2/repository/org/apache/httpcomponents/httpcore/4.4.13/httpcore-4.4.13.jar:/Users/beknurnarmuhan/.m2/repository/commons-logging/commons-logging/1.2/commons-logging-1.2.jar:/Users/beknurnarmuhan/.m2/repository/commons-codec/commons-codec/1.11/commons-codec-1.11.jar:/Users/beknurnarmuhan/.m2/repository/org/apache/httpcomponents/httpmime/4.5.13/httpmime-4.5.13.jar:/Users/beknurnarmuhan/.m2/repository/org/hamcrest/hamcrest/2.1/hamcrest-2.1.jar:/Users/beknurnarmuhan/.m2/repository/org/ccil/cowan/tagsoup/tagsoup/1.2.1/tagsoup-1.2.1.jar:/Users/beknurnarmuhan/.m2/repository/io/rest-assured/json-path/5.1.1/json-path-5.1.1.jar:/Users/beknurnarmuhan/.m2/repository/org/apache/groovy/groovy-json/4.0.1/groovy-json-4.0.1.jar:/Users/beknurnarmuhan/.m2/repository/io/rest-assured/rest-assured-common/5.1.1/rest-assured-common-5.1.1.jar:/Users/beknurnarmuhan/.m2/repository/io/rest-assured/xml-path/5.1.1/xml-path-5.1.1.jar:/Users/beknurnarmuhan/.m2/repository/io/qameta/allure/allure-junit4/2.18.1/allure-junit4-2.18.1.jar:/Users/beknurnarmuhan/.m2/repository/io/qameta/allure/allure-java-commons/2.18.1/allure-java-commons-2.18.1.jar:/Users/beknurnarmuhan/.m2/repository/org/slf4j/slf4j-api/1.7.30/slf4j-api-1.7.30.jar:/Users/beknurnarmuhan/.m2/repository/io/qameta/allure/allure-model/2.18.1/allure-model-2.18.1.jar:/Users/beknurnarmuhan/.m2/repository/io/qameta/allure/allure-rest-assured/2.18.1/allure-rest-assured-2.18.1.jar:/Users/beknurnarmuhan/.m2/repository/io/qameta/allure/allure-attachments/2.18.1/allure-attachments-2.18.1.jar:/Users/beknurnarmuhan/.m2/repository/org/freemarker/freemarker/2.3.31/freemarker-2.3.31.jar:/Users/beknurnarmuhan/.m2/repository/com/fasterxml/jackson/core/jackson-databind/2.13.3/jackson-databind-2.13.3.jar:/Users/beknurnarmuhan/.m2/repository/com/fasterxml/jackson/core/jackson-annotations/2.13.3/jackson-annotations-2.13.3.jar:/Users/beknurnarmuhan/.m2/repository/com/fasterxml/jackson/core/jackson-core/2.13.3/jackson-core-2.13.3.jar:/Users/beknurnarmuhan/.m2/repository/com/google/code/gson/gson/2.9.0/gson-2.9.0.jar:/Users/beknurnarmuhan/.m2/repository/com/github/javafaker/javafaker/1.0.2/javafaker-1.0.2.jar:/Users/beknurnarmuhan/.m2/repository/org/apache/commons/commons-lang3/3.5/commons-lang3-3.5.jar:/Users/beknurnarmuhan/.m2/repository/org/yaml/snakeyaml/1.23/snakeyaml-1.23-android.jar:/Users/beknurnarmuhan/.m2/repository/com/github/mifmif/generex/1.0.2/generex-1.0.2.jar:/Users/beknurnarmuhan/.m2/repository/dk/brics/automaton/automaton/1.11-8/automaton-1.11-8.jar:"/>
    <property name="allure.results.directory" value="/Users/beknurnarmuhan/Documents/Diploma/Diploma1/DiplomaTwo/target/allure-results"/>
    <property name="sun.cpu.endian" value="little"/>
    <property name="user.home" value="/Users/beknurnarmuhan"/>
    <property name="user.language" value="ru"/>
    <property name="java.specification.vendor" value="Oracle Corporation"/>
    <property name="java.version.date" value="2022-04-19"/>
    <property name="java.home" value="/usr/local/Cellar/openjdk/18.0.1/libexec/openjdk.jdk/Contents/Home"/>
    <property name="file.separator" value="/"/>
    <property name="basedir" value="/Users/beknurnarmuhan/Documents/Diploma/Diploma1/DiplomaTwo"/>
    <property name="java.vm.compressedOopsMode" value="Zero based"/>
    <property name="line.separator" value="&#10;"/>
    <property name="java.vm.specification.vendor" value="Oracle Corporation"/>
    <property name="java.specification.name" value="Java Platform API Specification"/>
    <property name="apple.awt.application.name" value="ForkedBooter"/>
    <property name="surefire.real.class.path" value="/Users/beknurnarmuhan/Documents/Diploma/Diploma1/DiplomaTwo/target/surefire/surefirebooter905159035870581350.jar"/>
    <property name="sun.management.compiler" value="HotSpot 64-Bit Tiered Compilers"/>
    <property name="ftp.nonProxyHosts" value="local|*.local|169.254/16|*.169.254/16"/>
    <property name="java.runtime.version" value="18.0.1+0"/>
    <property name="user.name" value="beknurnarmuhan"/>
    <property name="path.separator" value=":"/>
    <property name="os.version" value="12.4"/>
    <property name="java.runtime.name" value="OpenJDK Runtime Environment"/>
    <property name="file.encoding" value="UTF-8"/>
    <property name="java.vm.name" value="OpenJDK 64-Bit Server VM"/>
    <property name="java.vendor.version" value="Homebrew"/>
    <property name="localRepository" value="/Users/beknurnarmuhan/.m2/repository"/>
    <property name="java.vendor.url.bug" value="https://github.com/Homebrew/homebrew-core/issues"/>
    <property name="java.io.tmpdir" value="/var/folders/mm/fc94k6tx7jl598yt84dm7t4w0000gn/T/"/>
    <property name="java.version" value="18.0.1"/>
    <property name="user.dir" value="/Users/beknurnarmuhan/Documents/Diploma/Diploma1/DiplomaTwo"/>
    <property name="os.arch" value="x86_64"/>
    <property name="java.vm.specification.name" value="Java Virtual Machine Specification"/>
    <property name="native.encoding" value="US-ASCII"/>
    <property name="java.library.path" value="/Users/beknurnarmuhan/Library/Java/Extensions:/Library/Java/Extensions:/Network/Library/Java/Extensions:/System/Library/Java/Extensions:/usr/lib/java:."/>
    <property name="java.vm.info" value="mixed mode, sharing"/>
    <property name="java.vendor" value="Homebrew"/>
    <property name="java.vm.version" value="18.0.1+0"/>
    <property name="sun.io.unicode.encoding" value="UnicodeBig"/>
    <property name="socksNonProxyHosts" value="local|*.local|169.254/16|*.169.254/16"/>
    <property name="java.class.version" value="62.0"/>
  </properties>
  <testcase name="getNoAuthOrders" classname="GetUserOrderTest" time="2.697"/>
  <testcase name="getAuthOrders" classname="GetUserOrderTest" time="3.652"/>
</testsuite>